xrun(64): 25.03-s006: (c) Copyright 1995-2025 Cadence Design Systems, Inc.
TOOL:	xrun(64)	25.03-s006: Started on May 23, 2026 at 23:30:27 EEST
xrun
	-uvm
	-f filelist.f
		interface/interface.sv
		transaction/alu_transaction.sv
		sequence/alu_sequence.sv
		driver/alu_driver.sv
		sequencer/alu_sequencer.sv
		monitor/alu_monitor.sv
		agent/alu_agent.sv
		scoreboard/alu_scoreboard.sv
		env/alu_env.sv
		test/alu_test.sv
		top/top.sv
Recompiling... reason: file './driver/alu_driver.sv' is newer than expected.
	expected: Sat May 23 23:28:28 2026
	actual:   Sat May 23 23:30:23 2026
Compiling UVM packages (uvm_pkg.sv cdns_uvm_pkg.sv) using uvmhome location /usr/cadence/installs/XCELIUM2503/tools/methodology/UVM/CDNS-1.1d
file: driver/alu_driver.sv
		Caching library 'worklib' ....... Done
	Elaborating the design hierarchy:
		Caching library 'worklib' ....... Done
	Top level design units:
		uvm_pkg
		cdns_uvmapi
		cdns_assert2uvm_pkg
		cdns_uvm_pkg
		$unit_0x0cfcf7f5
		top
	Building instance overlay tables: .................... Done
	Generating native compiled code:
		worklib.alu_if:sv <0x28bfccf9>
			streams: 528, words: 538209
	Building instance specific data structures.
	Loading native compiled code:     .................... Done
	Design hierarchy summary:
		                        Instances  Unique
		Modules:                        2       2
		Interfaces:                     1       1
		Verilog packages:               4       4
		Registers:                 13,802  10,162
		Vectored wires:                 5       -
		Named events:                   4      12
		Always blocks:                  1       1
		Initial blocks:               282     154
		Parallel blocks:               26      27
		Pseudo assignments:             4       -
		Assertions:                     3       3
		Compilation units:              1       1
		SV Class declarations:        198     312
		SV Class specializations:     381     381
		Simulation timescale:         1ps
	Writing initial simulation snapshot: worklib.top:sv
Loading snapshot worklib.top:sv .................... Done
SVSEED default: 1
xcelium> source /usr/cadence/installs/XCELIUM2503/tools/xcelium/files/xmsimrc
xcelium> source /usr/cadence/installs/XCELIUM2503/tools/methodology/UVM/CDNS-1.1d/additions/sv/files/tcl/uvm_sim.tcl
xcelium> run
----------------------------------------------------------------
CDNS-UVM-1.1d (25.03-s006)
(C) 2007-2013 Mentor Graphics Corporation
(C) 2007-2013 Cadence Design Systems, Inc.
(C) 2006-2013 Synopsys, Inc.
(C) 2011-2013 Cypress Semiconductor Corp.
----------------------------------------------------------------

  ***********       IMPORTANT RELEASE NOTES         ************

  You are using a version of the UVM library that has been compiled
  with `UVM_NO_DEPRECATED undefined.
  See http://www.eda.org/svdb/view.php?id=3313 for more details.

  You are using a version of the UVM library that has been compiled
  with `UVM_OBJECT_MUST_HAVE_CONSTRUCTOR undefined.
  See http://www.eda.org/svdb/view.php?id=3770 for more details.

      (Specify +UVM_NO_RELNOTES to turn off this notice)

UVM_INFO @ 0: reporter [RNTST] Running test alu_test...
UVM_INFO scoreboard/alu_scoreboard.sv(34) @ 10000: uvm_test_top.env.sb [PASS] TEST PASSED
UVM_INFO scoreboard/alu_scoreboard.sv(34) @ 20000: uvm_test_top.env.sb [PASS] TEST PASSED
UVM_INFO scoreboard/alu_scoreboard.sv(34) @ 30000: uvm_test_top.env.sb [PASS] TEST PASSED
UVM_INFO scoreboard/alu_scoreboard.sv(34) @ 40000: uvm_test_top.env.sb [PASS] TEST PASSED
UVM_INFO scoreboard/alu_scoreboard.sv(34) @ 50000: uvm_test_top.env.sb [PASS] TEST PASSED
UVM_INFO scoreboard/alu_scoreboard.sv(34) @ 60000: uvm_test_top.env.sb [PASS] TEST PASSED
UVM_INFO scoreboard/alu_scoreboard.sv(34) @ 70000: uvm_test_top.env.sb [PASS] TEST PASSED
UVM_INFO scoreboard/alu_scoreboard.sv(34) @ 80000: uvm_test_top.env.sb [PASS] TEST PASSED
UVM_INFO scoreboard/alu_scoreboard.sv(34) @ 90000: uvm_test_top.env.sb [PASS] TEST PASSED
UVM_INFO scoreboard/alu_scoreboard.sv(34) @ 100000: uvm_test_top.env.sb [PASS] TEST PASSED
UVM_INFO scoreboard/alu_scoreboard.sv(34) @ 110000: uvm_test_top.env.sb [PASS] TEST PASSED
UVM_INFO scoreboard/alu_scoreboard.sv(34) @ 120000: uvm_test_top.env.sb [PASS] TEST PASSED
UVM_INFO scoreboard/alu_scoreboard.sv(34) @ 130000: uvm_test_top.env.sb [PASS] TEST PASSED
UVM_INFO scoreboard/alu_scoreboard.sv(34) @ 140000: uvm_test_top.env.sb [PASS] TEST PASSED
UVM_INFO scoreboard/alu_scoreboard.sv(34) @ 150000: uvm_test_top.env.sb [PASS] TEST PASSED
UVM_INFO scoreboard/alu_scoreboard.sv(34) @ 160000: uvm_test_top.env.sb [PASS] TEST PASSED
UVM_INFO scoreboard/alu_scoreboard.sv(34) @ 170000: uvm_test_top.env.sb [PASS] TEST PASSED
UVM_INFO scoreboard/alu_scoreboard.sv(34) @ 180000: uvm_test_top.env.sb [PASS] TEST PASSED
UVM_INFO scoreboard/alu_scoreboard.sv(34) @ 190000: uvm_test_top.env.sb [PASS] TEST PASSED
UVM_INFO scoreboard/alu_scoreboard.sv(34) @ 200000: uvm_test_top.env.sb [PASS] TEST PASSED
UVM_INFO /usr/cadence/installs/XCELIUM2503/tools/methodology/UVM/CDNS-1.1d/sv/src/base/uvm_objection.svh(1268) @ 200000: reporter [TEST_DONE] 'run' phase is ready to proceed to the 'extract' phase

--- UVM Report catcher Summary ---


Number of demoted UVM_FATAL reports  :    0
Number of demoted UVM_ERROR reports  :    0
Number of demoted UVM_WARNING reports:    0
Number of caught UVM_FATAL reports   :    0
Number of caught UVM_ERROR reports   :    0
Number of caught UVM_WARNING reports :    0

--- UVM Report Summary ---

** Report counts by severity
UVM_INFO :   22
UVM_WARNING :    0
UVM_ERROR :    0
UVM_FATAL :    0
** Report counts by id
[PASS]    20
[RNTST]     1
[TEST_DONE]     1
Simulation complete via $finish(1) at time 200 NS + 44
/usr/cadence/installs/XCELIUM2503/tools/methodology/UVM/CDNS-1.1d/sv/src/base/uvm_root.svh:457     $finish;
xcelium> exit
TOOL:	xrun(64)	25.03-s006: Exiting on May 23, 2026 at 23:30:29 EEST  (total: 00:00:02)
