xrun(64): 25.03-s006: (c) Copyright 1995-2025 Cadence Design Systems, Inc.
TOOL:	xrun(64)	25.03-s006: Started on May 22, 2026 at 01:41:21 EEST
xrun
	-uvm
	alu_monitor.sv
		Caching library 'worklib' ....... Done
	Elaborating the design hierarchy:
	Top level design units:
		uvm_pkg
		cdns_uvmapi
		cdns_assert2uvm_pkg
		cdns_uvm_pkg
		$unit_0x18ad21c6
		alu_if
	Building instance overlay tables: .................... Done
	Generating native compiled code:
		worklib.alu_if:sv <0x5a084359>
			streams: 100, words: 104954
		worklib.cdns_uvm_pkg:sv <0x48c229fa>
			streams: 172, words: 242151
		worklib.cdns_uvmapi:svp <0x08b860c1>
			streams:  27, words: 28330
		worklib.cdns_assert2uvm_pkg:sv <0x621e875a>
			streams:   3, words:  1590
		worklib.uvm_pkg:sv <0x3b4b9205>
			streams: 4532, words: 6727403
	Building instance specific data structures.
	Loading native compiled code:     .................... Done
	Design hierarchy summary:
		                        Instances  Unique
		Interfaces:                     1       1
		Verilog packages:               4       4
		Registers:                 12,985  10,060
		Named events:                   4      12
		Initial blocks:               254     146
		Parallel blocks:               26      27
		Assertions:                     2       2
		Compilation units:              1       1
		SV Class declarations:        191     305
		SV Class specializations:     345     345
	Writing initial simulation snapshot: worklib.alu_if:sv
Loading snapshot worklib.alu_if:sv .................... Done
SVSEED default: 1
xcelium> source /usr/cadence/installs/XCELIUM2503/tools/xcelium/files/xmsimrc
xcelium> source /usr/cadence/installs/XCELIUM2503/tools/methodology/UVM/CDNS-1.1d/additions/sv/files/tcl/uvm_sim.tcl
xcelium> run
----------------------------------------------------------------
CDNS-UVM-1.1d (25.03-s006)
(C) 2007-2013 Mentor Graphics Corporation
(C) 2007-2013 Cadence Design Systems, Inc.
(C) 2006-2013 Synopsys, Inc.
(C) 2011-2013 Cypress Semiconductor Corp.
----------------------------------------------------------------

  ***********       IMPORTANT RELEASE NOTES         ************

  You are using a version of the UVM library that has been compiled
  with `UVM_NO_DEPRECATED undefined.
  See http://www.eda.org/svdb/view.php?id=3313 for more details.

  You are using a version of the UVM library that has been compiled
  with `UVM_OBJECT_MUST_HAVE_CONSTRUCTOR undefined.
  See http://www.eda.org/svdb/view.php?id=3770 for more details.

      (Specify +UVM_NO_RELNOTES to turn off this notice)

xmsim: *W,RNQUIE: Simulation is complete.
xcelium> exit
TOOL:	xrun(64)	25.03-s006: Exiting on May 22, 2026 at 01:41:24 EEST  (total: 00:00:03)
