xrun(64): 25.03-s006: (c) Copyright 1995-2025 Cadence Design Systems, Inc.
TOOL:	xrun(64)	25.03-s006: Started on May 22, 2026 at 01:31:08 EEST
xrun
	-uvm
	transaction.sv
Compiling UVM packages (uvm_pkg.sv cdns_uvm_pkg.sv) using uvmhome location /usr/cadence/installs/XCELIUM2503/tools/methodology/UVM/CDNS-1.1d
		Caching library 'worklib' ....... Done
	Elaborating the design hierarchy:
	Top level design units:
		uvm_pkg
		cdns_uvmapi
		cdns_assert2uvm_pkg
		cdns_uvm_pkg
		$unit_0x1e38dbc2
	Building instance overlay tables: .................... Done
	Generating native compiled code:
		worklib.\$unit_0x1e38dbc2 :compilation_unit <0x23cf6364>
			streams:  21, words: 13895
		worklib.cdns_uvm_pkg:sv <0x11bffe2d>
			streams: 172, words: 242151
		worklib.cdns_uvmapi:svp <0x166c67b3>
			streams:  27, words: 28330
		worklib.cdns_assert2uvm_pkg:sv <0x16a0d20d>
			streams:   3, words:  1590
		worklib.uvm_pkg:sv <0x7d29e70a>
			streams: 4532, words: 6727403
	Building instance specific data structures.
	Loading native compiled code:     .................... Done
	Design hierarchy summary:
		                        Instances  Unique
		Verilog packages:               4       4
		Registers:                 12,802  10,041
		Named events:                   4      12
		Initial blocks:               251     145
		Parallel blocks:               26      27
		Assertions:                     2       2
		Compilation units:              1       1
		SV Class declarations:        190     304
		SV Class specializations:     339     339
	Writing initial simulation snapshot: worklib.\$unit_0x1e38dbc2 :compilation_unit
Loading snapshot worklib.\$unit_0x1e38dbc2 :compilation_unit .................... Done
SVSEED default: 1
xcelium> source /usr/cadence/installs/XCELIUM2503/tools/xcelium/files/xmsimrc
xcelium> source /usr/cadence/installs/XCELIUM2503/tools/methodology/UVM/CDNS-1.1d/additions/sv/files/tcl/uvm_sim.tcl
xcelium> run
----------------------------------------------------------------
CDNS-UVM-1.1d (25.03-s006)
(C) 2007-2013 Mentor Graphics Corporation
(C) 2007-2013 Cadence Design Systems, Inc.
(C) 2006-2013 Synopsys, Inc.
(C) 2011-2013 Cypress Semiconductor Corp.
----------------------------------------------------------------

  ***********       IMPORTANT RELEASE NOTES         ************

  You are using a version of the UVM library that has been compiled
  with `UVM_NO_DEPRECATED undefined.
  See http://www.eda.org/svdb/view.php?id=3313 for more details.

  You are using a version of the UVM library that has been compiled
  with `UVM_OBJECT_MUST_HAVE_CONSTRUCTOR undefined.
  See http://www.eda.org/svdb/view.php?id=3770 for more details.

      (Specify +UVM_NO_RELNOTES to turn off this notice)

xmsim: *W,RNQUIE: Simulation is complete.
xcelium> exit
TOOL:	xrun(64)	25.03-s006: Exiting on May 22, 2026 at 01:31:12 EEST  (total: 00:00:04)
